<?xml version="1.0" encoding="UTF-8"?>
<!-- Generated by org.testng.reporters.JUnitReportReporter -->
<testsuite hostname="DESKTOP-HIN4ESK" failures="0" tests="1" name="formeditanddelete.formfillandeditanddelete" time="9.118" errors="0" timestamp="2024-08-26T09:48:46 IST" skipped="0">
  <testcase classname="formeditanddelete.formfillandeditanddelete" name="f" time="9.118"/>
</testsuite> <!-- formeditanddelete.formfillandeditanddelete -->
